<?xml version="1.0" encoding="UTF-8"?>
<!-- Generated by org.testng.reporters.JUnitXMLReporter -->
<testsuite hostname="DESKTOP-UMD4IC6" ignored="0" name="Test" tests="4" failures="1" timestamp="2020-04-24T12:36:43 IST" time="0.144" errors="0">
  <testcase name="@BeforeMethod setup" time="0.006" classname="com.automationpractice.testcases.IndexPageTest">
    <failure type="java.lang.NullPointerException">
      <![CDATA[java.lang.NullPointerException
at com.automationpractice.qa.TestBase.initialization(TestBase.java:54)
at com.automationpractice.testcases.IndexPageTest.setup(IndexPageTest.java:21)
at java.util.ArrayList.forEach(Unknown Source)
... Removed 31 stack frames]]>
    </failure>
  </testcase> <!-- @BeforeMethod setup -->
  <testcase name="@BeforeMethod setup" time="0.001" classname="com.automationpractice.testcases.MyAccountPageTest">
    <failure type="java.lang.NullPointerException">
      <![CDATA[java.lang.NullPointerException
at com.automationpractice.qa.TestBase.initialization(TestBase.java:54)
at com.automationpractice.testcases.MyAccountPageTest.setup(MyAccountPageTest.java:20)
at java.util.ArrayList.forEach(Unknown Source)
... Removed 31 stack frames]]>
    </failure>
  </testcase> <!-- @BeforeMethod setup -->
  <testcase name="@AfterTest tearDowntest" time="0.004" classname="com.automationpractice.testcases.CreateAccountPageTest">
    <failure type="java.lang.NullPointerException">
      <![CDATA[java.lang.NullPointerException
at com.automationpractice.qa.TestBase.tearDown(TestBase.java:119)
at com.automationpractice.testcases.CreateAccountPageTest.tearDowntest(CreateAccountPageTest.java:75)
... Removed 24 stack frames]]>
    </failure>
  </testcase> <!-- @AfterTest tearDowntest -->
  <testcase name="@AfterTest tearDowntest" time="-1.587712003565E9" classname="com.automationpractice.testcases.IndexPageTest">
    <skipped/>
  </testcase> <!-- @AfterTest tearDowntest -->
  <testcase name="@AfterTest tearDowntest" time="-1.587712003567E9" classname="com.automationpractice.testcases.MyAccountPageTest">
    <skipped/>
  </testcase> <!-- @AfterTest tearDowntest -->
  <testcase name="@AfterTest tearDowntest" time="-1.587712003569E9" classname="com.automationpractice.testcases.SignInPageTest">
    <skipped/>
  </testcase> <!-- @AfterTest tearDowntest -->
  <testcase name="clickSigninLink" time="0.0" classname="com.automationpractice.testcases.IndexPageTest">
    <skipped/>
  </testcase> <!-- clickSigninLink -->
  <testcase name="inputEmail" time="0.0" classname="com.automationpractice.testcases.SignInPageTest">
    <failure type="org.testng.TestNGException" message="
Cannot inject @Test annotated Method [inputEmail] with [class java.lang.String].
For more information on native dependency injection please refer to http://testng.org/doc/documentation-main.html#native-dependency-injection">
      <![CDATA[org.testng.TestNGException: 
Cannot inject @Test annotated Method [inputEmail] with [class java.lang.String].
For more information on native dependency injection please refer to http://testng.org/doc/documentation-main.html#native-dependency-injection
at java.util.ArrayList.forEach(Unknown Source)
... Removed 26 stack frames]]>
    </failure>
  </testcase> <!-- inputEmail -->
  <testcase name="inputPersonalInfo" time="0.0" classname="com.automationpractice.testcases.CreateAccountPageTest">
    <skipped/>
  </testcase> <!-- inputPersonalInfo -->
  <testcase name="titleTest" time="0.0" classname="com.automationpractice.testcases.MyAccountPageTest">
    <skipped/>
  </testcase> <!-- titleTest -->
</testsuite> <!-- Test -->
