<!DOCTYPE html PUBLIC "-//W3C//DTD XHTML 1.1//EN" "http://www.w3.org/TR/xhtml11/DTD/xhtml11.dtd">
<html xmlns="http://www.w3.org/1999/xhtml">
<head>
<meta http-equiv="content-type" content="text/html; charset=UTF-8"/>
<title>TestNG Report</title>
<style type="text/css">table {margin-bottom:10px;border-collapse:collapse;empty-cells:show}th,td {border:1px solid #009;padding:.25em .5em}th {vertical-align:bottom}td {vertical-align:top}table a {font-weight:bold}.stripe td {background-color: #E6EBF9}.num {text-align:right}.passedodd td {background-color: #3F3}.passedeven td {background-color: #0A0}.skippedodd td {background-color: #DDD}.skippedeven td {background-color: #CCC}.failedodd td,.attn {background-color: #F33}.failedeven td,.stripe .attn {background-color: #D00}.stacktrace {white-space:pre;font-family:monospace}.totop {font-size:85%;text-align:center;border-bottom:2px solid #000}.invisible {display:none}</style>
</head>
<body>
<table>
<tr><th>Test</th><th># Passed</th><th># Skipped</th><th># Retried</th><th># Failed</th><th>Time (ms)</th><th>Included Groups</th><th>Excluded Groups</th></tr>
<tr><th colspan="8">Suite</th></tr>
<tr><td><a href="#t0">Test</a></td><td class="num">0</td><td class="num attn">3</td><td class="num">0</td><td class="num attn">1</td><td class="num">144</td><td></td><td></td></tr>
</table>
<table id='summary'><thead><tr><th>Class</th><th>Method</th><th>Start</th><th>Time (ms)</th></tr></thead><tbody><tr><th colspan="4">Suite</th></tr></tbody><tbody id="t0"><tr><th colspan="4">Test &#8212; failed (configuration methods)</th></tr><tr class="failedeven"><td rowspan="1">com.automationpractice.testcases.CreateAccountPageTest</td><td><a href="#m0">tearDowntest</a></td><td rowspan="1">1587712003556</td><td rowspan="1">4</td></tr><tr class="failedodd"><td rowspan="1">com.automationpractice.testcases.IndexPageTest</td><td><a href="#m1">setup</a></td><td rowspan="1">1587712003464</td><td rowspan="1">6</td></tr><tr class="failedeven"><td rowspan="1">com.automationpractice.testcases.MyAccountPageTest</td><td><a href="#m2">setup</a></td><td rowspan="1">1587712003536</td><td rowspan="1">1</td></tr><tr><th colspan="4">Test &#8212; failed</th></tr><tr class="failedeven"><td rowspan="1">com.automationpractice.testcases.SignInPageTest</td><td><a href="#m3">inputEmail</a></td><td rowspan="1">1587712003500</td><td rowspan="1">0</td></tr><tr><th colspan="4">Test &#8212; skipped (configuration methods)</th></tr><tr class="skippedeven"><td rowspan="1">com.automationpractice.testcases.IndexPageTest</td><td><a href="#m4">tearDowntest</a></td><td rowspan="1">1587712003565</td><td rowspan="1">-1587712003565</td></tr><tr class="skippedodd"><td rowspan="1">com.automationpractice.testcases.MyAccountPageTest</td><td><a href="#m5">tearDowntest</a></td><td rowspan="1">1587712003567</td><td rowspan="1">-1587712003567</td></tr><tr class="skippedeven"><td rowspan="1">com.automationpractice.testcases.SignInPageTest</td><td><a href="#m6">tearDowntest</a></td><td rowspan="1">1587712003569</td><td rowspan="1">-1587712003569</td></tr><tr><th colspan="4">Test &#8212; skipped</th></tr><tr class="skippedeven"><td rowspan="1">com.automationpractice.testcases.CreateAccountPageTest</td><td><a href="#m7">inputPersonalInfo</a></td><td rowspan="1">1587712003533</td><td rowspan="1">0</td></tr><tr class="skippedodd"><td rowspan="1">com.automationpractice.testcases.IndexPageTest</td><td><a href="#m8">clickSigninLink</a></td><td rowspan="1">1587712003481</td><td rowspan="1">0</td></tr><tr class="skippedeven"><td rowspan="1">com.automationpractice.testcases.MyAccountPageTest</td><td><a href="#m9">titleTest</a></td><td rowspan="1">1587712003541</td><td rowspan="1">0</td></tr></tbody>
</table>
<h2>Test</h2><h3 id="m0">com.automationpractice.testcases.CreateAccountPageTest#tearDowntest</h3><table class="result"><tr><th>Exception</th></tr><tr><td><div class="stacktrace">java.lang.NullPointerException
	at com.automationpractice.qa.TestBase.tearDown(TestBase.java:119)
	at com.automationpractice.testcases.CreateAccountPageTest.tearDowntest(CreateAccountPageTest.java:75)
... Removed 24 stack frames</div></td></tr></table><p class="totop"><a href="#summary">back to summary</a></p>
<h3 id="m1">com.automationpractice.testcases.IndexPageTest#setup</h3><table class="result"><tr><th>Exception</th></tr><tr><td><div class="stacktrace">java.lang.NullPointerException
	at com.automationpractice.qa.TestBase.initialization(TestBase.java:54)
	at com.automationpractice.testcases.IndexPageTest.setup(IndexPageTest.java:21)
	at java.util.ArrayList.forEach(Unknown Source)
... Removed 31 stack frames</div></td></tr></table><p class="totop"><a href="#summary">back to summary</a></p>
<h3 id="m2">com.automationpractice.testcases.MyAccountPageTest#setup</h3><table class="result"><tr><th>Exception</th></tr><tr><td><div class="stacktrace">java.lang.NullPointerException
	at com.automationpractice.qa.TestBase.initialization(TestBase.java:54)
	at com.automationpractice.testcases.MyAccountPageTest.setup(MyAccountPageTest.java:20)
	at java.util.ArrayList.forEach(Unknown Source)
... Removed 31 stack frames</div></td></tr></table><p class="totop"><a href="#summary">back to summary</a></p>
<h3 id="m3">com.automationpractice.testcases.SignInPageTest#inputEmail</h3><table class="result"><tr><th>Exception</th></tr><tr><td><div class="stacktrace">org.testng.TestNGException: 
Cannot inject @Test annotated Method [inputEmail] with [class java.lang.String].
For more information on native dependency injection please refer to http://testng.org/doc/documentation-main.html#native-dependency-injection
	at java.util.ArrayList.forEach(Unknown Source)
... Removed 26 stack frames</div></td></tr></table><p class="totop"><a href="#summary">back to summary</a></p>
<h3 id="m4">com.automationpractice.testcases.IndexPageTest#tearDowntest</h3><table class="result"><tr><th class="invisible"/></tr></table><p class="totop"><a href="#summary">back to summary</a></p>
<h3 id="m5">com.automationpractice.testcases.MyAccountPageTest#tearDowntest</h3><table class="result"><tr><th class="invisible"/></tr></table><p class="totop"><a href="#summary">back to summary</a></p>
<h3 id="m6">com.automationpractice.testcases.SignInPageTest#tearDowntest</h3><table class="result"><tr><th class="invisible"/></tr></table><p class="totop"><a href="#summary">back to summary</a></p>
<h3 id="m7">com.automationpractice.testcases.CreateAccountPageTest#inputPersonalInfo</h3><table class="result"><tr><th>Exception</th></tr><tr><td><div class="stacktrace">java.lang.RuntimeException: java.lang.NullPointerException
	at java.util.ArrayList.forEach(Unknown Source)
Caused by: java.lang.NullPointerException
	at com.automationpractice.Utilites.Xls_Reader.getRowCount(Xls_Reader.java:50)
	at com.automationpractice.Utilites.FetchTestData.getTestDataFromExcel(FetchTestData.java:21)
	at com.automationpractice.testcases.CreateAccountPageTest.getTestData(CreateAccountPageTest.java:31)
	... 25 more
... Removed 32 stack frames</div></td></tr></table><p class="totop"><a href="#summary">back to summary</a></p>
<h3 id="m8">com.automationpractice.testcases.IndexPageTest#clickSigninLink</h3><table class="result"><tr><th>Exception</th></tr><tr><td><div class="stacktrace">java.lang.NullPointerException
	at com.automationpractice.qa.TestBase.initialization(TestBase.java:54)
	at com.automationpractice.testcases.IndexPageTest.setup(IndexPageTest.java:21)
	at java.util.ArrayList.forEach(Unknown Source)
... Removed 31 stack frames</div></td></tr></table><p class="totop"><a href="#summary">back to summary</a></p>
<h3 id="m9">com.automationpractice.testcases.MyAccountPageTest#titleTest</h3><table class="result"><tr><th>Exception</th></tr><tr><td><div class="stacktrace">java.lang.NullPointerException
	at com.automationpractice.qa.TestBase.initialization(TestBase.java:54)
	at com.automationpractice.testcases.MyAccountPageTest.setup(MyAccountPageTest.java:20)
	at java.util.ArrayList.forEach(Unknown Source)
... Removed 31 stack frames</div></td></tr></table><p class="totop"><a href="#summary">back to summary</a></p>
</body>
</html>
